#-----------------------------------------------------------
# Vivado v2024.2 (64-bit)
# SW Build 5239630 on Fri Nov 08 22:35:27 MST 2024
# IP Build 5239520 on Sun Nov 10 16:12:51 MST 2024
# SharedData Build 5239561 on Fri Nov 08 14:39:27 MST 2024
# Start of session at: Thu Oct 23 23:41:28 2025
# Process ID         : 27308
# Current directory  : C:/Users/Cyprien/Documents/GitHub/SII/KV260_DPU_ASPERA/prj/Vivado/hw/prj
# Command line       : vivado.exe -gui_launcher_event rodinguilauncherevent23848 C:\Users\Cyprien\Documents\GitHub\SII\KV260_DPU_ASPERA\prj\Vivado\hw\prj\KV260.xpr
# Log file           : C:/Users/Cyprien/Documents/GitHub/SII/KV260_DPU_ASPERA/prj/Vivado/hw/prj/vivado.log
# Journal file       : C:/Users/Cyprien/Documents/GitHub/SII/KV260_DPU_ASPERA/prj/Vivado/hw/prj\vivado.jou
# Running On         : DESKTOP-S4UD1KI
# Platform           : Windows Server 2016 or Windows 10
# Operating System   : 26100
# Processor Detail   : Intel(R) Core(TM) i9-10900K CPU @ 3.70GHz
# CPU Frequency      : 3696 MHz
# CPU Physical cores : 10
# CPU Logical cores  : 20
# Host memory        : 51356 MB
# Swap memory        : 3221 MB
# Total Virtual      : 54577 MB
# Available Virtual  : 36117 MB
#-----------------------------------------------------------
start_gui
open_project C:/Users/Cyprien/Documents/GitHub/SII/KV260_DPU_ASPERA/prj/Vivado/hw/prj/KV260.xpr
WARNING: [Board 49-26] cannot add Board Part xilinx.com:zcu208ld:part0:2.0 available at C:/Xilinx/Vivado/2024.2/data/xhub/boards/XilinxBoardStore/boards/Xilinx/zcu208ld/production/2.0/board.xml as part xczu58dr-fsvg1517-2-i specified in board_part file is either invalid or not available
WARNING: [Board 49-26] cannot add Board Part xilinx.com:zcu216ld:part0:2.0 available at C:/Xilinx/Vivado/2024.2/data/xhub/boards/XilinxBoardStore/boards/Xilinx/zcu216ld/production/2.0/board.xml as part xczu59dr-ffvf1760-2-i specified in board_part file is either invalid or not available
WARNING: [Board 49-26] cannot add Board Part xilinx.com:zcu670ld:part0:1.0 available at C:/Xilinx/Vivado/2024.2/data/xhub/boards/XilinxBoardStore/boards/Xilinx/zcu670ld/1.0/board.xml as part xczu57dr-fsve1156-2-i specified in board_part file is either invalid or not available
INFO: [Project 1-313] Project file moved from 'S:/prj/Vivado/hw/prj' since last save.
INFO: [filemgmt 56-3] Default IP Output Path : Could not find the directory 'C:/Users/Cyprien/Documents/GitHub/SII/KV260_DPU_ASPERA/prj/Vivado/hw/prj/KV260.gen/sources_1'.
Scanning sources...
Finished scanning sources
INFO: [IP_Flow 19-234] Refreshing IP repositories
INFO: [IP_Flow 19-1700] Loaded user IP repository 'c:/Users/Cyprien/Documents/GitHub/SII/KV260_DPU_ASPERA/dpu_ip'.
INFO: [IP_Flow 19-2313] Loaded Vivado IP repository 'C:/Xilinx/Vivado/2024.2/data/ip'.
INFO: [Project 1-5579] Found utility IPs instantiated in one or more block designs which have equivalent inline hdl with improved performance and reduced diskspace. It is recommended to migrate these utility IPs to inline hdl using the command upgrade_project -migrate_to_inline_hdl. The utility IPs may be deprecated in future releases. More information on inline hdl is available in UG994.
open_project: Time (s): cpu = 00:00:24 ; elapsed = 00:00:14 . Memory (MB): peak = 1682.230 ; gain = 428.254
update_compile_order -fileset sources_1
exit
INFO: [Common 17-206] Exiting Vivado at Thu Oct 23 23:42:43 2025...
