Copyright 1986-2022 Xilinx, Inc. All Rights Reserved. Copyright 2022-2024 Advanced Micro Devices, Inc. All Rights Reserved.
---------------------------------------------------------------------------------------------------------------------------------------------
| Tool Version : Vivado v.2024.2 (win64) Build 5239630 Fri Nov 08 22:35:27 MST 2024
| Date         : Thu Oct 23 17:50:52 2025
| Host         : DESKTOP-S4UD1KI running 64-bit major release  (build 9200)
| Command      : report_utilization -file top_wrapper_utilization_placed.rpt -pb top_wrapper_utilization_placed.pb
| Design       : top_wrapper
| Device       : xck26-sfvc784-2LV-c
| Speed File   : -2LV
| Design State : Fully Placed
---------------------------------------------------------------------------------------------------------------------------------------------

Utilization Design Information

Table of Contents
-----------------
1. CLB Logic
1.1 Summary of Registers by Type
2. CLB Logic Distribution
3. BLOCKRAM
4. ARITHMETIC
5. I/O
6. CLOCK
7. ADVANCED
8. CONFIGURATION
9. Primitives
10. Black Boxes
11. Instantiated Netlists

1. CLB Logic
------------

+----------------------------+-------+-------+------------+-----------+-------+
|          Site Type         |  Used | Fixed | Prohibited | Available | Util% |
+----------------------------+-------+-------+------------+-----------+-------+
| CLB LUTs                   | 51087 |     0 |          0 |    117120 | 43.62 |
|   LUT as Logic             | 44024 |     0 |          0 |    117120 | 37.59 |
|   LUT as Memory            |  7063 |     0 |          0 |     57600 | 12.26 |
|     LUT as Distributed RAM |  2752 |     0 |            |           |       |
|     LUT as Shift Register  |  4311 |     0 |            |           |       |
| CLB Registers              | 98723 |     0 |          0 |    234240 | 42.15 |
|   Register as Flip Flop    | 98723 |     0 |          0 |    234240 | 42.15 |
|   Register as Latch        |     0 |     0 |          0 |    234240 |  0.00 |
| CARRY8                     |  1334 |     0 |          0 |     14640 |  9.11 |
| F7 Muxes                   |  2565 |     0 |          0 |     58560 |  4.38 |
| F8 Muxes                   |    14 |     0 |          0 |     29280 |  0.05 |
| F9 Muxes                   |     0 |     0 |          0 |     14640 |  0.00 |
+----------------------------+-------+-------+------------+-----------+-------+
* Warning! LUT value is adjusted to account for LUT combining.


1.1 Summary of Registers by Type
--------------------------------

+-------+--------------+-------------+--------------+
| Total | Clock Enable | Synchronous | Asynchronous |
+-------+--------------+-------------+--------------+
| 0     |            _ |           - |            - |
| 0     |            _ |           - |          Set |
| 0     |            _ |           - |        Reset |
| 0     |            _ |         Set |            - |
| 0     |            _ |       Reset |            - |
| 0     |          Yes |           - |            - |
| 0     |          Yes |           - |          Set |
| 0     |          Yes |           - |        Reset |
| 525   |          Yes |         Set |            - |
| 98198 |          Yes |       Reset |            - |
+-------+--------------+-------------+--------------+


2. CLB Logic Distribution
-------------------------

+--------------------------------------------+-------+-------+------------+-----------+-------+
|                  Site Type                 |  Used | Fixed | Prohibited | Available | Util% |
+--------------------------------------------+-------+-------+------------+-----------+-------+
| CLB                                        | 12486 |     0 |          0 |     14640 | 85.29 |
|   CLBL                                     |  5967 |     0 |            |           |       |
|   CLBM                                     |  6519 |     0 |            |           |       |
| LUT as Logic                               | 44024 |     0 |          0 |    117120 | 37.59 |
|   using O5 output only                     |   336 |       |            |           |       |
|   using O6 output only                     | 29598 |       |            |           |       |
|   using O5 and O6                          | 14090 |       |            |           |       |
| LUT as Memory                              |  7063 |     0 |          0 |     57600 | 12.26 |
|   LUT as Distributed RAM                   |  2752 |     0 |            |           |       |
|     using O5 output only                   |     0 |       |            |           |       |
|     using O6 output only                   |  1948 |       |            |           |       |
|     using O5 and O6                        |   804 |       |            |           |       |
|   LUT as Shift Register                    |  4311 |     0 |            |           |       |
|     using O5 output only                   |     0 |       |            |           |       |
|     using O6 output only                   |   296 |       |            |           |       |
|     using O5 and O6                        |  4015 |       |            |           |       |
| CLB Registers                              | 98723 |     0 |          0 |    234240 | 42.15 |
|   Register driven from within the CLB      | 43131 |       |            |           |       |
|   Register driven from outside the CLB     | 55592 |       |            |           |       |
|     LUT in front of the register is unused | 43765 |       |            |           |       |
|     LUT in front of the register is used   | 11827 |       |            |           |       |
| Unique Control Sets                        |  2004 |       |          0 |     29280 |  6.84 |
+--------------------------------------------+-------+-------+------------+-----------+-------+
* * Note: Available Control Sets calculated as Slices * 2, Review the Control Sets Report for more information regarding control sets.


3. BLOCKRAM
-----------

+-------------------+------+-------+------------+-----------+-------+
|     Site Type     | Used | Fixed | Prohibited | Available | Util% |
+-------------------+------+-------+------------+-----------+-------+
| Block RAM Tile    | 67.5 |     0 |          0 |       144 | 46.88 |
|   RAMB36/FIFO*    |   63 |     0 |          0 |       144 | 43.75 |
|     RAMB36E2 only |   63 |       |            |           |       |
|   RAMB18          |    9 |     0 |          0 |       288 |  3.13 |
|     RAMB18E2 only |    9 |       |            |           |       |
| URAM              |   50 |     0 |          0 |        64 | 78.13 |
+-------------------+------+-------+------------+-----------+-------+
* Note: Each Block RAM Tile only has one FIFO logic available and therefore can accommodate only one FIFO36E2 or one FIFO18E2. However, if a FIFO18E2 occupies a Block RAM Tile, that tile can still accommodate a RAMB18E2


4. ARITHMETIC
-------------

+----------------+------+-------+------------+-----------+-------+
|    Site Type   | Used | Fixed | Prohibited | Available | Util% |
+----------------+------+-------+------------+-----------+-------+
| DSPs           |  710 |     0 |          0 |      1248 | 56.89 |
|   DSP48E2 only |  710 |       |            |           |       |
+----------------+------+-------+------------+-----------+-------+


5. I/O
------

+------------------+------+-------+------------+-----------+-------+
|     Site Type    | Used | Fixed | Prohibited | Available | Util% |
+------------------+------+-------+------------+-----------+-------+
| Bonded IOB       |    0 |     0 |          0 |       189 |  0.00 |
| HPIOB_M          |    0 |     0 |          0 |        58 |  0.00 |
| HPIOB_S          |    0 |     0 |          0 |        58 |  0.00 |
| HDIOB_M          |    0 |     0 |          0 |        35 |  0.00 |
| HDIOB_S          |    0 |     0 |          0 |        35 |  0.00 |
| HPIOB_SNGL       |    0 |     0 |          0 |         3 |  0.00 |
| HPIOBDIFFINBUF   |    0 |     0 |          0 |        82 |  0.00 |
| HPIOBDIFFOUTBUF  |    0 |     0 |          0 |        82 |  0.00 |
| HDIOBDIFFINBUF   |    0 |     0 |          0 |        35 |  0.00 |
| BITSLICE_CONTROL |    0 |     0 |          0 |        32 |  0.00 |
| BITSLICE_RX_TX   |    0 |     0 |          0 |      1248 |  0.00 |
| BITSLICE_TX      |    0 |     0 |          0 |        32 |  0.00 |
| RIU_OR           |    0 |     0 |          0 |        16 |  0.00 |
+------------------+------+-------+------------+-----------+-------+


6. CLOCK
--------

+------------+------+-------+------------+-----------+-------+
|  Site Type | Used | Fixed | Prohibited | Available | Util% |
+------------+------+-------+------------+-----------+-------+
| BUFGCE     |    0 |     0 |          0 |       112 |  0.00 |
| BUFGCE_DIV |    2 |     0 |          0 |        16 | 12.50 |
| BUFG_GT    |    0 |     0 |          0 |        96 |  0.00 |
| BUFG_PS    |    1 |     0 |          0 |        96 |  1.04 |
| BUFGCTRL*  |    0 |     0 |          0 |        32 |  0.00 |
| PLL        |    1 |     0 |          0 |         8 | 12.50 |
| MMCM       |    0 |     0 |          0 |         4 |  0.00 |
+------------+------+-------+------------+-----------+-------+
* Note: Each used BUFGCTRL counts as two GLOBAL CLOCK BUFFERs. This table does not include global clocking resources, only buffer cell usage. See the Clock Utilization Report (report_clock_utilization) for detailed accounting of global clocking resource availability.


7. ADVANCED
-----------

+-----------------+------+-------+------------+-----------+--------+
|    Site Type    | Used | Fixed | Prohibited | Available |  Util% |
+-----------------+------+-------+------------+-----------+--------+
| GTHE4_CHANNEL   |    0 |     0 |          0 |         4 |   0.00 |
| GTHE4_COMMON    |    0 |     0 |          0 |         1 |   0.00 |
| OBUFDS_GTE4     |    0 |     0 |          0 |         2 |   0.00 |
| OBUFDS_GTE4_ADV |    0 |     0 |          0 |         2 |   0.00 |
| PCIE40E4        |    0 |     0 |          0 |         2 |   0.00 |
| PS8             |    1 |     0 |          0 |         1 | 100.00 |
| SYSMONE4        |    0 |     0 |          0 |         1 |   0.00 |
| VCU             |    0 |     0 |          0 |         1 |   0.00 |
+-----------------+------+-------+------------+-----------+--------+


8. CONFIGURATION
----------------

+-------------+------+-------+------------+-----------+-------+
|  Site Type  | Used | Fixed | Prohibited | Available | Util% |
+-------------+------+-------+------------+-----------+-------+
| BSCANE2     |    0 |     0 |          0 |         4 |  0.00 |
| DNA_PORTE2  |    0 |     0 |          0 |         1 |  0.00 |
| EFUSE_USR   |    0 |     0 |          0 |         1 |  0.00 |
| FRAME_ECCE4 |    0 |     0 |          0 |         1 |  0.00 |
| ICAPE3      |    0 |     0 |          0 |         2 |  0.00 |
| MASTER_JTAG |    0 |     0 |          0 |         1 |  0.00 |
| STARTUPE3   |    0 |     0 |          0 |         1 |  0.00 |
+-------------+------+-------+------------+-----------+-------+


9. Primitives
-------------

+------------+-------+---------------------+
|  Ref Name  |  Used | Functional Category |
+------------+-------+---------------------+
| FDRE       | 98198 |            Register |
| LUT6       | 20204 |                 CLB |
| LUT3       | 19477 |                 CLB |
| LUT4       |  8439 |                 CLB |
| SRL16E     |  8326 |                 CLB |
| LUT5       |  5193 |                 CLB |
| LUT2       |  4229 |                 CLB |
| MUXF7      |  2565 |                 CLB |
| RAMD64E    |  1944 |                 CLB |
| RAMD32     |  1404 |                 CLB |
| CARRY8     |  1334 |                 CLB |
| DSP48E2    |   710 |          Arithmetic |
| LUT1       |   572 |                 CLB |
| FDSE       |   525 |            Register |
| RAMS32     |   208 |                 CLB |
| RAMB36E2   |    63 |            BLOCKRAM |
| URAM288    |    50 |            BLOCKRAM |
| MUXF8      |    14 |                 CLB |
| RAMB18E2   |     9 |            BLOCKRAM |
| BUFGCE_DIV |     2 |               Clock |
| PS8        |     1 |            Advanced |
| PLLE4_ADV  |     1 |               Clock |
| BUFG_PS    |     1 |               Clock |
+------------+-------+---------------------+


10. Black Boxes
---------------

+----------+------+
| Ref Name | Used |
+----------+------+


11. Instantiated Netlists
-------------------------

+----------+------+
| Ref Name | Used |
+----------+------+


